# JRE version: OpenJDK Runtime Environment Microsoft-11933218 (21.0.8+9) (build 21.0.8+9-LTS)
# Java VM: OpenJDK 64-Bit Server VM Microsoft-11933218 (21.0.8+9-LTS, mixed mode, sharing, tiered, compressed oops, compressed class ptrs, g1 gc, windows-amd64)
GC Precious Log:
 CardTable entry size: 512
 Card Set container configuration: InlinePtr #cards 4 size 8 Array Of Cards #cards 16 size 48 Howl #buckets 8 coarsen threshold 3686 Howl Bitmap #cards 512 size 80 coarsen threshold 460 Card regions per heap region 1 cards per card region 4096
 CPUs: 4 total, 4 available
 Memory: 16305M
 Large Page Support: Disabled
 NUMA Support: Disabled
 Compressed Oops: Enabled (Zero based)
 Heap Region Size: 2M
 Heap Min Capacity: 8M
 Heap Initial Capacity: 256M
 Heap Max Capacity: 4078M
 Pre-touch: Disabled
 Parallel Workers: 4
 Concurrent Workers: 1
 Concurrent Refinement Workers: 4
 Periodic GC: Disabled
Heap:
 garbage-first heap   total 102400K, used 73256K [0x0000000701200000, 0x0000000800000000)
  region size 2048K, 21 young (43008K), 2 survivors (4096K)
 Metaspace       used 82659K, committed 83392K, reserved 1179648K
  class space    used 11618K, committed 11968K, reserved 1048576K
GC Heap History (20 events):
Event: 6.356 GC heap before
{Heap before GC invocations=12 (full 0):
 garbage-first heap   total 55296K, used 46257K [0x0000000701200000, 0x0000000800000000)
  region size 2048K, 12 young (24576K), 2 survivors (4096K)
 Metaspace       used 49171K, committed 49856K, reserved 1114112K
  class space    used 6373K, committed 6656K, reserved 1048576K
}
Event: 6.361 GC heap after
{Heap after GC invocations=13 (full 0):
 garbage-first heap   total 55296K, used 26711K [0x0000000701200000, 0x0000000800000000)
  region size 2048K, 1 young (2048K), 1 survivors (2048K)
 Metaspace       used 49171K, committed 49856K, reserved 1114112K
  class space    used 6373K, committed 6656K, reserved 1048576K
}
Event: 6.762 GC heap before
{Heap before GC invocations=13 (full 0):
 garbage-first heap   total 55296K, used 43095K [0x0000000701200000, 0x0000000800000000)
  region size 2048K, 10 young (20480K), 1 survivors (2048K)
 Metaspace       used 53628K, committed 54272K, reserved 1114112K
  class space    used 7118K, committed 7424K, reserved 1048576K
}
Event: 6.765 GC heap after
{Heap after GC invocations=14 (full 0):
 garbage-first heap   total 55296K, used 27750K [0x0000000701200000, 0x0000000800000000)
  region size 2048K, 2 young (4096K), 2 survivors (4096K)
 Metaspace       used 53628K, committed 54272K, reserved 1114112K
  class space    used 7118K, committed 7424K, reserved 1048576K
}
Event: 7.141 GC heap before
{Heap before GC invocations=15 (full 0):
 garbage-first heap   total 55296K, used 42086K [0x0000000701200000, 0x0000000800000000)
  region size 2048K, 10 young (20480K), 2 survivors (4096K)
 Metaspace       used 57019K, committed 57664K, reserved 1114112K
  class space    used 7560K, committed 7808K, reserved 1048576K
}
Event: 7.143 GC heap after
{Heap after GC invocations=16 (full 0):
 garbage-first heap   total 55296K, used 28572K [0x0000000701200000, 0x0000000800000000)
  region size 2048K, 1 young (2048K), 1 survivors (2048K)
 Metaspace       used 57019K, committed 57664K, reserved 1114112K
  class space    used 7560K, committed 7808K, reserved 1048576K
}
Event: 7.556 GC heap before
{Heap before GC invocations=16 (full 0):
 garbage-first heap   total 55296K, used 47004K [0x0000000701200000, 0x0000000800000000)
  region size 2048K, 10 young (20480K), 1 survivors (2048K)
 Metaspace       used 62730K, committed 63360K, reserved 1114112K
  class space    used 8443K, committed 8704K, reserved 1048576K
}
Event: 7.560 GC heap after
{Heap after GC invocations=17 (full 0):
 garbage-first heap   total 55296K, used 29225K [0x0000000701200000, 0x0000000800000000)
  region size 2048K, 2 young (4096K), 2 survivors (4096K)
 Metaspace       used 62730K, committed 63360K, reserved 1114112K
  class space    used 8443K, committed 8704K, reserved 1048576K
}
Event: 7.871 GC heap before
{Heap before GC invocations=17 (full 0):
 garbage-first heap   total 55296K, used 45609K [0x0000000701200000, 0x0000000800000000)
  region size 2048K, 10 young (20480K), 2 survivors (4096K)
 Metaspace       used 65075K, committed 65728K, reserved 1114112K
  class space    used 8803K, committed 9088K, reserved 1048576K
}
Event: 7.875 GC heap after
{Heap after GC invocations=18 (full 0):
 garbage-first heap   total 159744K, used 29586K [0x0000000701200000, 0x0000000800000000)
  region size 2048K, 1 young (2048K), 1 survivors (2048K)
 Metaspace       used 65075K, committed 65728K, reserved 1114112K
  class space    used 8803K, committed 9088K, reserved 1048576K
}
Event: 9.108 GC heap before
{Heap before GC invocations=19 (full 0):
 garbage-first heap   total 102400K, used 86930K [0x0000000701200000, 0x0000000800000000)
  region size 2048K, 30 young (61440K), 1 survivors (2048K)
 Metaspace       used 74596K, committed 75328K, reserved 1114112K
  class space    used 10283K, committed 10624K, reserved 1048576K
}
Event: 9.115 GC heap after
{Heap after GC invocations=20 (full 0):
 garbage-first heap   total 102400K, used 34271K [0x0000000701200000, 0x0000000800000000)
  region size 2048K, 4 young (8192K), 4 survivors (8192K)
 Metaspace       used 74596K, committed 75328K, reserved 1114112K
  class space    used 10283K, committed 10624K, reserved 1048576K
}
Event: 9.510 GC heap before
{Heap before GC invocations=20 (full 0):
 garbage-first heap   total 102400K, used 85471K [0x0000000701200000, 0x0000000800000000)
  region size 2048K, 29 young (59392K), 4 survivors (8192K)
 Metaspace       used 76246K, committed 77056K, reserved 1179648K
  class space    used 10601K, committed 10944K, reserved 1048576K
}
Event: 9.516 GC heap after
{Heap after GC invocations=21 (full 0):
 garbage-first heap   total 102400K, used 35873K [0x0000000701200000, 0x0000000800000000)
  region size 2048K, 1 young (2048K), 1 survivors (2048K)
 Metaspace       used 76246K, committed 77056K, reserved 1179648K
  class space    used 10601K, committed 10944K, reserved 1048576K
}
Event: 9.683 GC heap before
{Heap before GC invocations=21 (full 0):
 garbage-first heap   total 102400K, used 91169K [0x0000000701200000, 0x0000000800000000)
  region size 2048K, 28 young (57344K), 1 survivors (2048K)
 Metaspace       used 76478K, committed 77248K, reserved 1179648K
  class space    used 10662K, committed 11008K, reserved 1048576K
}
Event: 9.687 GC heap after
{Heap after GC invocations=22 (full 0):
 garbage-first heap   total 102400K, used 39062K [0x0000000701200000, 0x0000000800000000)
  region size 2048K, 3 young (6144K), 3 survivors (6144K)
 Metaspace       used 76478K, committed 77248K, reserved 1179648K
  class space    used 10662K, committed 11008K, reserved 1048576K
}
Event: 9.904 GC heap before
{Heap before GC invocations=23 (full 0):
 garbage-first heap   total 102400K, used 86166K [0x0000000701200000, 0x0000000800000000)
  region size 2048K, 27 young (55296K), 3 survivors (6144K)
 Metaspace       used 77917K, committed 78656K, reserved 1179648K
  class space    used 10875K, committed 11200K, reserved 1048576K
}
Event: 9.907 GC heap after
{Heap after GC invocations=24 (full 0):
 garbage-first heap   total 102400K, used 37453K [0x0000000701200000, 0x0000000800000000)
  region size 2048K, 2 young (4096K), 2 survivors (4096K)
 Metaspace       used 77917K, committed 78656K, reserved 1179648K
  class space    used 10875K, committed 11200K, reserved 1048576K
}
Event: 10.007 GC heap before
{Heap before GC invocations=24 (full 0):
 garbage-first heap   total 102400K, used 88653K [0x0000000701200000, 0x0000000800000000)
  region size 2048K, 27 young (55296K), 2 survivors (4096K)
 Metaspace       used 77932K, committed 78720K, reserved 1179648K
  class space    used 10875K, committed 11200K, reserved 1048576K
}
Event: 10.011 GC heap after
{Heap after GC invocations=25 (full 0):
 garbage-first heap   total 102400K, used 38440K [0x0000000701200000, 0x0000000800000000)
  region size 2048K, 2 young (4096K), 2 survivors (4096K)
 Metaspace       used 77932K, committed 78720K, reserved 1179648K
  class space    used 10875K, committed 11200K, reserved 1048576K
}

